<?xml version="1.0" encoding="UTF-8"?>
<testsuites name="Mystore" time="82.893" tests="3" failures="1" errors="0">
   <testsuite name="Mystore" tests="3" failures="1" errors="0" time="82.893" skipped="0" timestamp="2022-10-16 20:24:28" hostname="TEST - DESKTOP-5E4IS0E" id="Test Suites/Mystore">
      <properties>
         <property name="deviceName" value=""/>
         <property name="devicePlatform" value=""/>
         <property name="logFolder" value="E:\\Katalon_project\\DemoNew\\Demo-web\\Reports\\20221016_202422\\Mystore\\20221016_202422"/>
         <property name="logFiles" value="E:\\Katalon_project\\DemoNew\\Demo-web\\Reports\\20221016_202422\\Mystore\\20221016_202422\\execution0.log"/>
         <property name="attachments" value="E:\\Katalon_project\\DemoNew\\Demo-web\\Reports\\20221016_202422\\Mystore\\20221016_202422\\1665944735829.png, E:\\Katalon_project\\DemoNew\\Demo-web\\Reports\\20221016_202422\\Mystore\\20221016_202422\\1665944736247.png"/>
         <property name="hostName" value="TEST - DESKTOP-5E4IS0E"/>
         <property name="os" value="Windows 10 64bit"/>
         <property name="katalonVersion" value="8.4.1.208"/>
         <property name="browser" value="Chrome 106.0.0.0"/>
         <property name="hostAddress" value="192.168.43.122"/>
         <property name="sessionId" value="9305abc445a377d6d2badc69ff8cd25e"/>
         <property name="seleniumVersion" value="3.141.59"/>
         <property name="proxyInformation" value="ProxyInformation { proxyOption=NO_PROXY, proxyServerType=HTTP, username=, password=********, proxyServerAddress=, proxyServerPort=0, executionList=&quot;&quot;, isApplyToDesiredCapabilities=true }"/>
         <property name="platform" value="Windows 10"/>
      </properties>
      <testcase name="Test Cases/LogIn" time="21.573" classname="Test Cases/LogIn" status="PASSED">
         <system-out><![CDATA[2022-10-16 20:24:28 - [TEST_CASE][PASSED] - Test Cases/LogIn: Test Cases/LogIn

2022-10-16 20:24:29 - [TEST_STEP][PASSED] - openBrowser(""): Browser is opened with url: ''

2022-10-16 20:24:29 - [MESSAGE][INFO] - Starting 'Chrome' driver

2022-10-16 20:24:29 - [MESSAGE][INFO] - Action delay is set to 0 milliseconds

2022-10-16 20:24:32 - [MESSAGE][PASSED] - Browser is opened with url: ''

2022-10-16 20:24:32 - [TEST_STEP][PASSED] - navigateToUrl("http://automationpractice.com/index.php"): Navigate to 'http://automationpractice.com/index.php' successfully

2022-10-16 20:24:40 - [MESSAGE][PASSED] - Navigate to 'http://automationpractice.com/index.php' successfully

2022-10-16 20:24:40 - [TEST_STEP][PASSED] - click(findTestObject("Object Repository/Page_My Store/a_Sign in")): Object: 'Object Repository/Page_My Store/a_Sign in' is clicked on

2022-10-16 20:24:45 - [MESSAGE][PASSED] - Object: 'Object Repository/Page_My Store/a_Sign in' is clicked on

2022-10-16 20:24:45 - [TEST_STEP][PASSED] - setText(findTestObject("Object Repository/Page_Login - My Store/input_Email address_email"), "test.test@demo.it"): Text 'test.test@demo.it' is set on object 'Object Repository/Page_Login - My Store/input_Email address_email'

2022-10-16 20:24:46 - [MESSAGE][PASSED] - Text 'test.test@demo.it' is set on object 'Object Repository/Page_Login - My Store/input_Email address_email'

2022-10-16 20:24:46 - [TEST_STEP][PASSED] - setEncryptedText(findTestObject("Object Repository/Page_Login - My Store/input_Password_passwd"), "p4y+y39Ir5Oy1MY8jPt0uQ=="): Text ****** has been set on object 'Object Repository/Page_Login - My Store/input_Password_passwd'

2022-10-16 20:24:46 - [MESSAGE][PASSED] - Text ****** has been set on object 'Object Repository/Page_Login - My Store/input_Password_passwd'

2022-10-16 20:24:46 - [TEST_STEP][PASSED] - click(findTestObject("Object Repository/Page_Login - My Store/span_Sign in")): Object: 'Object Repository/Page_Login - My Store/span_Sign in' is clicked on

2022-10-16 20:24:49 - [MESSAGE][PASSED] - Object: 'Object Repository/Page_Login - My Store/span_Sign in' is clicked on

2022-10-16 20:24:49 - [TEST_STEP][PASSED] - waitForElementPresent(findTestObject("Object Repository/Page_My account - My Store/a_test test"), 0): Object 'Object Repository/Page_My account - My Store/a_test test' is present

2022-10-16 20:24:49 - [MESSAGE][WARNING] - Timeout '0' is invalid. Using default page load timeout: '30'

2022-10-16 20:24:50 - [MESSAGE][PASSED] - Object 'Object Repository/Page_My account - My Store/a_test test' is present

2022-10-16 20:24:50 - [TEST_STEP][PASSED] - verifyElementText(findTestObject("Object Repository/Page_My account - My Store/span_test test"), "test test"): Actual text and expected text of test object 'Object Repository/Page_My account - My Store/span_test test' are matched.

2022-10-16 20:24:50 - [MESSAGE][PASSED] - Actual text and expected text of test object 'Object Repository/Page_My account - My Store/span_test test' are matched.]]></system-out>
         <system-err><![CDATA[]]></system-err>
      </testcase>
      <testcase name="Test Cases/Ordine" time="45.824" classname="Test Cases/Ordine" status="FAILED">
         <failure type="FAILED" message="Test Cases/Ordine FAILED.
Reason:
com.kms.katalon.core.exception.StepFailedException: Verify element text of test object 'Object Repository/Page_Order - My Store/td_My carrierDelivery next day' FAILED.
	at com.kms.katalon.core.webui.keyword.internal.WebUIKeywordMain.stepFailed(WebUIKeywordMain.groovy:64)
	at com.kms.katalon.core.webui.keyword.internal.WebUIKeywordMain.runKeyword(WebUIKeywordMain.groovy:26)
	at com.kms.katalon.core.webui.keyword.builtin.VerifyElementTextKeyword.verifyElementText(VerifyElementTextKeyword.groovy:72)
	at com.kms.katalon.core.webui.keyword.builtin.VerifyElementTextKeyword.execute(VerifyElementTextKeyword.groovy:40)
	at com.kms.katalon.core.keyword.internal.KeywordExecutor.executeKeywordForPlatform(KeywordExecutor.groovy:74)
	at com.kms.katalon.core.webui.keyword.WebUiBuiltInKeywords.verifyElementText(WebUiBuiltInKeywords.groovy:4749)
	at com.kms.katalon.core.webui.keyword.WebUiBuiltInKeywords$verifyElementText$5.call(Unknown Source)
	at Ordine.run(Ordine:53)
	at com.kms.katalon.core.main.ScriptEngine.run(ScriptEngine.java:194)
	at com.kms.katalon.core.main.ScriptEngine.runScriptAsRawText(ScriptEngine.java:119)
	at com.kms.katalon.core.main.TestCaseExecutor.runScript(TestCaseExecutor.java:448)
	at com.kms.katalon.core.main.TestCaseExecutor.doExecute(TestCaseExecutor.java:439)
	at com.kms.katalon.core.main.TestCaseExecutor.processExecutionPhase(TestCaseExecutor.java:418)
	at com.kms.katalon.core.main.TestCaseExecutor.accessMainPhase(TestCaseExecutor.java:410)
	at com.kms.katalon.core.main.TestCaseExecutor.execute(TestCaseExecutor.java:285)
	at com.kms.katalon.core.common.CommonExecutor.accessTestCaseMainPhase(CommonExecutor.java:65)
	at com.kms.katalon.core.main.TestSuiteExecutor.accessTestSuiteMainPhase(TestSuiteExecutor.java:144)
	at com.kms.katalon.core.main.TestSuiteExecutor.execute(TestSuiteExecutor.java:106)
	at com.kms.katalon.core.main.TestCaseMain.startTestSuite(TestCaseMain.java:185)
	at com.kms.katalon.core.main.TestCaseMain$startTestSuite$0.call(Unknown Source)
	at TempTestSuite1665944662406.run(TempTestSuite1665944662406.groovy:36)
Caused by: com.kms.katalon.core.exception.StepFailedException: Actual text 'My carrier Delivery next day!' and expected text 'My carrier
																																											Delivery next day!' of test object 'Object Repository/Page_Order - My Store/td_My carrierDelivery next day' are NOT matched.
	at com.kms.katalon.core.webui.keyword.internal.WebUIKeywordMain.stepFailed(WebUIKeywordMain.groovy:64)
	at com.kms.katalon.core.webui.keyword.builtin.VerifyElementTextKeyword$_verifyElementText_closure1.doCall(VerifyElementTextKeyword.groovy:57)
	at com.kms.katalon.core.webui.keyword.builtin.VerifyElementTextKeyword$_verifyElementText_closure1.call(VerifyElementTextKeyword.groovy)
	at com.kms.katalon.core.webui.keyword.internal.WebUIKeywordMain.runKeyword(WebUIKeywordMain.groovy:20)
	... 19 more
"/>
         <system-out><![CDATA[2022-10-16 20:24:50 - [TEST_CASE][FAILED] - Test Cases/Ordine: Test Cases/Ordine FAILED.
Reason:
com.kms.katalon.core.exception.StepFailedException: Verify element text of test object 'Object Repository/Page_Order - My Store/td_My carrierDelivery next day' FAILED.
	at com.kms.katalon.core.webui.keyword.internal.WebUIKeywordMain.stepFailed(WebUIKeywordMain.groovy:64)
	at com.kms.katalon.core.webui.keyword.internal.WebUIKeywordMain.runKeyword(WebUIKeywordMain.groovy:26)
	at com.kms.katalon.core.webui.keyword.builtin.VerifyElementTextKeyword.verifyElementText(VerifyElementTextKeyword.groovy:72)
	at com.kms.katalon.core.webui.keyword.builtin.VerifyElementTextKeyword.execute(VerifyElementTextKeyword.groovy:40)
	at com.kms.katalon.core.keyword.internal.KeywordExecutor.executeKeywordForPlatform(KeywordExecutor.groovy:74)
	at com.kms.katalon.core.webui.keyword.WebUiBuiltInKeywords.verifyElementText(WebUiBuiltInKeywords.groovy:4749)
	at com.kms.katalon.core.webui.keyword.WebUiBuiltInKeywords$verifyElementText$5.call(Unknown Source)
	at Ordine.run(Ordine:53)
	at com.kms.katalon.core.main.ScriptEngine.run(ScriptEngine.java:194)
	at com.kms.katalon.core.main.ScriptEngine.runScriptAsRawText(ScriptEngine.java:119)
	at com.kms.katalon.core.main.TestCaseExecutor.runScript(TestCaseExecutor.java:448)
	at com.kms.katalon.core.main.TestCaseExecutor.doExecute(TestCaseExecutor.java:439)
	at com.kms.katalon.core.main.TestCaseExecutor.processExecutionPhase(TestCaseExecutor.java:418)
	at com.kms.katalon.core.main.TestCaseExecutor.accessMainPhase(TestCaseExecutor.java:410)
	at com.kms.katalon.core.main.TestCaseExecutor.execute(TestCaseExecutor.java:285)
	at com.kms.katalon.core.common.CommonExecutor.accessTestCaseMainPhase(CommonExecutor.java:65)
	at com.kms.katalon.core.main.TestSuiteExecutor.accessTestSuiteMainPhase(TestSuiteExecutor.java:144)
	at com.kms.katalon.core.main.TestSuiteExecutor.execute(TestSuiteExecutor.java:106)
	at com.kms.katalon.core.main.TestCaseMain.startTestSuite(TestCaseMain.java:185)
	at com.kms.katalon.core.main.TestCaseMain$startTestSuite$0.call(Unknown Source)
	at TempTestSuite1665944662406.run(TempTestSuite1665944662406.groovy:36)
Caused by: com.kms.katalon.core.exception.StepFailedException: Actual text 'My carrier Delivery next day!' and expected text 'My carrier
																																											Delivery next day!' of test object 'Object Repository/Page_Order - My Store/td_My carrierDelivery next day' are NOT matched.
	at com.kms.katalon.core.webui.keyword.internal.WebUIKeywordMain.stepFailed(WebUIKeywordMain.groovy:64)
	at com.kms.katalon.core.webui.keyword.builtin.VerifyElementTextKeyword$_verifyElementText_closure1.doCall(VerifyElementTextKeyword.groovy:57)
	at com.kms.katalon.core.webui.keyword.builtin.VerifyElementTextKeyword$_verifyElementText_closure1.call(VerifyElementTextKeyword.groovy)
	at com.kms.katalon.core.webui.keyword.internal.WebUIKeywordMain.runKeyword(WebUIKeywordMain.groovy:20)
	... 19 more


2022-10-16 20:24:50 - [TEST_STEP][PASSED] - click(findTestObject("Object Repository/Page_My account - My Store/a_T-shirts")): Object: 'Object Repository/Page_My account - My Store/a_T-shirts' is clicked on

2022-10-16 20:24:55 - [MESSAGE][PASSED] - Object: 'Object Repository/Page_My account - My Store/a_T-shirts' is clicked on

2022-10-16 20:24:55 - [TEST_STEP][PASSED] - click(findTestObject("Object Repository/Page_T-shirts - My Store/input_(1)_layered_id_attribute_group_3")): Object: 'Object Repository/Page_T-shirts - My Store/input_(1)_layered_id_attribute_group_3' is clicked on

2022-10-16 20:24:56 - [MESSAGE][PASSED] - Object: 'Object Repository/Page_T-shirts - My Store/input_(1)_layered_id_attribute_group_3' is clicked on

2022-10-16 20:24:56 - [TEST_STEP][PASSED] - verifyElementText(findTestObject("Object Repository/Page_T-shirts  Size L - My Store/a_Faded Short Sleeve T-shirts"), "Faded Short Sleeve T-shirts"): Actual text and expected text of test object 'Object Repository/Page_T-shirts  Size L - My Store/a_Faded Short Sleeve T-shirts' are matched.

2022-10-16 20:25:02 - [MESSAGE][PASSED] - Actual text and expected text of test object 'Object Repository/Page_T-shirts  Size L - My Store/a_Faded Short Sleeve T-shirts' are matched.

2022-10-16 20:25:02 - [TEST_STEP][PASSED] - verifyElementText(findTestObject("Page_T-shirts  Size L - My Store/span_Importo"), "$16.51"): Actual text and expected text of test object 'Object Repository/Page_T-shirts  Size L - My Store/span_Importo' are matched.

2022-10-16 20:25:03 - [MESSAGE][PASSED] - Actual text and expected text of test object 'Object Repository/Page_T-shirts  Size L - My Store/span_Importo' are matched.

2022-10-16 20:25:03 - [TEST_STEP][PASSED] - verifyElementPresent(findTestObject("Object Repository/Page_T-shirts  Size L - My Store/span_In stock"), 0): Object 'Object Repository/Page_T-shirts  Size L - My Store/span_In stock' is present

2022-10-16 20:25:03 - [MESSAGE][WARNING] - Timeout '0' is invalid. Using default page load timeout: '30'

2022-10-16 20:25:03 - [MESSAGE][PASSED] - Object 'Object Repository/Page_T-shirts  Size L - My Store/span_In stock' is present

2022-10-16 20:25:03 - [TEST_STEP][PASSED] - click(findTestObject("Object Repository/Page_T-shirts  Size L - My Store/span_Add to cart")): Object: 'Object Repository/Page_T-shirts  Size L - My Store/span_Add to cart' is clicked on

2022-10-16 20:25:04 - [MESSAGE][PASSED] - Object: 'Object Repository/Page_T-shirts  Size L - My Store/span_Add to cart' is clicked on

2022-10-16 20:25:04 - [TEST_STEP][PASSED] - verifyElementPresent(findTestObject("Object Repository/Page_T-shirts  Size L - My Store/h2_Product successfully added to your shopp_45f75f"), 0): Object 'Object Repository/Page_T-shirts  Size L - My Store/h2_Product successfully added to your shopp_45f75f' is present

2022-10-16 20:25:04 - [MESSAGE][WARNING] - Timeout '0' is invalid. Using default page load timeout: '30'

2022-10-16 20:25:07 - [MESSAGE][PASSED] - Object 'Object Repository/Page_T-shirts  Size L - My Store/h2_Product successfully added to your shopp_45f75f' is present

2022-10-16 20:25:07 - [TEST_STEP][PASSED] - verifyElementPresent(findTestObject("Object Repository/Page_T-shirts  Size L - My Store/span_Importo_1"), 0): Object 'Object Repository/Page_T-shirts  Size L - My Store/span_Importo_1' is present

2022-10-16 20:25:07 - [MESSAGE][WARNING] - Timeout '0' is invalid. Using default page load timeout: '30'

2022-10-16 20:25:07 - [MESSAGE][PASSED] - Object 'Object Repository/Page_T-shirts  Size L - My Store/span_Importo_1' is present

2022-10-16 20:25:07 - [TEST_STEP][PASSED] - verifyElementPresent(findTestObject("Object Repository/Page_T-shirts  Size L - My Store/span_Faded Short Sleeve T-shirts"), 0): Object 'Object Repository/Page_T-shirts  Size L - My Store/span_Faded Short Sleeve T-shirts' is present

2022-10-16 20:25:07 - [MESSAGE][WARNING] - Timeout '0' is invalid. Using default page load timeout: '30'

2022-10-16 20:25:08 - [MESSAGE][PASSED] - Object 'Object Repository/Page_T-shirts  Size L - My Store/span_Faded Short Sleeve T-shirts' is present

2022-10-16 20:25:08 - [TEST_STEP][PASSED] - click(findTestObject("Object Repository/Page_T-shirts  Size L - My Store/span_Proceed to checkout")): Object: 'Object Repository/Page_T-shirts  Size L - My Store/span_Proceed to checkout' is clicked on

2022-10-16 20:25:17 - [MESSAGE][PASSED] - Object: 'Object Repository/Page_T-shirts  Size L - My Store/span_Proceed to checkout' is clicked on

2022-10-16 20:25:17 - [TEST_STEP][PASSED] - verifyElementText(findTestObject("Object Repository/Page_Order - My Store/a_Faded Short Sleeve T-shirts"), "Faded Short Sleeve T-shirts"): Actual text and expected text of test object 'Object Repository/Page_Order - My Store/a_Faded Short Sleeve T-shirts' are matched.

2022-10-16 20:25:18 - [MESSAGE][PASSED] - Actual text and expected text of test object 'Object Repository/Page_Order - My Store/a_Faded Short Sleeve T-shirts' are matched.

2022-10-16 20:25:18 - [TEST_STEP][PASSED] - verifyElementText(findTestObject("Object Repository/Page_Order - My Store/span_Importo"), "$16.51"): Actual text and expected text of test object 'Object Repository/Page_Order - My Store/span_Importo' are matched.

2022-10-16 20:25:18 - [MESSAGE][PASSED] - Actual text and expected text of test object 'Object Repository/Page_Order - My Store/span_Importo' are matched.

2022-10-16 20:25:18 - [TEST_STEP][PASSED] - verifyElementText(findTestObject("Object Repository/Page_Order - My Store/span_Totale"), "$19.25"): Actual text and expected text of test object 'Object Repository/Page_Order - My Store/span_Totale' are matched.

2022-10-16 20:25:19 - [MESSAGE][PASSED] - Actual text and expected text of test object 'Object Repository/Page_Order - My Store/span_Totale' are matched.

2022-10-16 20:25:19 - [TEST_STEP][PASSED] - click(findTestObject("Object Repository/Page_Order - My Store/span_Proceed to checkout")): Object: 'Object Repository/Page_Order - My Store/span_Proceed to checkout' is clicked on

2022-10-16 20:25:27 - [MESSAGE][PASSED] - Object: 'Object Repository/Page_Order - My Store/span_Proceed to checkout' is clicked on

2022-10-16 20:25:27 - [TEST_STEP][PASSED] - click(findTestObject("Object Repository/Page_Order - My Store/span_Proceed to checkout")): Object: 'Object Repository/Page_Order - My Store/span_Proceed to checkout' is clicked on

2022-10-16 20:25:35 - [MESSAGE][PASSED] - Object: 'Object Repository/Page_Order - My Store/span_Proceed to checkout' is clicked on

2022-10-16 20:25:35 - [TEST_STEP][FAILED] - verifyElementText(findTestObject("Object Repository/Page_Order - My Store/td_My carrierDelivery next day"), "My carrier
																																											Delivery next day!"): Verify element text of test object 'Object Repository/Page_Order - My Store/td_My carrierDelivery next day' FAILED. (Root cause: com.kms.katalon.core.exception.StepFailedException: Verify element text of test object 'Object Repository/Page_Order - My Store/td_My carrierDelivery next day' FAILED.
	at com.kms.katalon.core.webui.keyword.internal.WebUIKeywordMain.stepFailed(WebUIKeywordMain.groovy:64)
	at com.kms.katalon.core.webui.keyword.internal.WebUIKeywordMain.runKeyword(WebUIKeywordMain.groovy:26)
	at com.kms.katalon.core.webui.keyword.builtin.VerifyElementTextKeyword.verifyElementText(VerifyElementTextKeyword.groovy:72)
	at com.kms.katalon.core.webui.keyword.builtin.VerifyElementTextKeyword.execute(VerifyElementTextKeyword.groovy:40)
	at com.kms.katalon.core.keyword.internal.KeywordExecutor.executeKeywordForPlatform(KeywordExecutor.groovy:74)
	at com.kms.katalon.core.webui.keyword.WebUiBuiltInKeywords.verifyElementText(WebUiBuiltInKeywords.groovy:4749)
	at com.kms.katalon.core.webui.keyword.WebUiBuiltInKeywords$verifyElementText$5.call(Unknown Source)
	at Ordine.run(Ordine:53)
	at com.kms.katalon.core.main.ScriptEngine.run(ScriptEngine.java:194)
	at com.kms.katalon.core.main.ScriptEngine.runScriptAsRawText(ScriptEngine.java:119)
	at com.kms.katalon.core.main.TestCaseExecutor.runScript(TestCaseExecutor.java:448)
	at com.kms.katalon.core.main.TestCaseExecutor.doExecute(TestCaseExecutor.java:439)
	at com.kms.katalon.core.main.TestCaseExecutor.processExecutionPhase(TestCaseExecutor.java:418)
	at com.kms.katalon.core.main.TestCaseExecutor.accessMainPhase(TestCaseExecutor.java:410)
	at com.kms.katalon.core.main.TestCaseExecutor.execute(TestCaseExecutor.java:285)
	at com.kms.katalon.core.common.CommonExecutor.accessTestCaseMainPhase(CommonExecutor.java:65)
	at com.kms.katalon.core.main.TestSuiteExecutor.accessTestSuiteMainPhase(TestSuiteExecutor.java:144)
	at com.kms.katalon.core.main.TestSuiteExecutor.execute(TestSuiteExecutor.java:106)
	at com.kms.katalon.core.main.TestCaseMain.startTestSuite(TestCaseMain.java:185)
	at com.kms.katalon.core.main.TestCaseMain$startTestSuite$0.call(Unknown Source)
	at TempTestSuite1665944662406.run(TempTestSuite1665944662406.groovy:36)
Caused by: com.kms.katalon.core.exception.StepFailedException: Actual text 'My carrier Delivery next day!' and expected text 'My carrier
																																											Delivery next day!' of test object 'Object Repository/Page_Order - My Store/td_My carrierDelivery next day' are NOT matched.
	at com.kms.katalon.core.webui.keyword.internal.WebUIKeywordMain.stepFailed(WebUIKeywordMain.groovy:64)
	at com.kms.katalon.core.webui.keyword.builtin.VerifyElementTextKeyword$_verifyElementText_closure1.doCall(VerifyElementTextKeyword.groovy:57)
	at com.kms.katalon.core.webui.keyword.builtin.VerifyElementTextKeyword$_verifyElementText_closure1.call(VerifyElementTextKeyword.groovy)
	at com.kms.katalon.core.webui.keyword.internal.WebUIKeywordMain.runKeyword(WebUIKeywordMain.groovy:20)
	... 19 more
)

2022-10-16 20:25:36 - [MESSAGE][FAILED] - Actual text 'My carrier Delivery next day!' and expected text 'My carrier
																																											Delivery next day!' of test object 'Object Repository/Page_Order - My Store/td_My carrierDelivery next day' are NOT matched. (Root cause: com.kms.katalon.core.exception.StepFailedException: Actual text 'My carrier Delivery next day!' and expected text 'My carrier
																																											Delivery next day!' of test object 'Object Repository/Page_Order - My Store/td_My carrierDelivery next day' are NOT matched.
	at com.kms.katalon.core.webui.keyword.internal.WebUIKeywordMain.stepFailed(WebUIKeywordMain.groovy:64)
	at com.kms.katalon.core.webui.keyword.builtin.VerifyElementTextKeyword$_verifyElementText_closure1.doCall(VerifyElementTextKeyword.groovy:57)
	at com.kms.katalon.core.webui.keyword.builtin.VerifyElementTextKeyword$_verifyElementText_closure1.call(VerifyElementTextKeyword.groovy)
	at com.kms.katalon.core.webui.keyword.internal.WebUIKeywordMain.runKeyword(WebUIKeywordMain.groovy:20)
	at com.kms.katalon.core.webui.keyword.builtin.VerifyElementTextKeyword.verifyElementText(VerifyElementTextKeyword.groovy:72)
	at com.kms.katalon.core.webui.keyword.builtin.VerifyElementTextKeyword.execute(VerifyElementTextKeyword.groovy:40)
	at com.kms.katalon.core.keyword.internal.KeywordExecutor.executeKeywordForPlatform(KeywordExecutor.groovy:74)
	at com.kms.katalon.core.webui.keyword.WebUiBuiltInKeywords.verifyElementText(WebUiBuiltInKeywords.groovy:4749)
	at com.kms.katalon.core.webui.keyword.WebUiBuiltInKeywords$verifyElementText$5.call(Unknown Source)
	at Ordine.run(Ordine:53)
	at com.kms.katalon.core.main.ScriptEngine.run(ScriptEngine.java:194)
	at com.kms.katalon.core.main.ScriptEngine.runScriptAsRawText(ScriptEngine.java:119)
	at com.kms.katalon.core.main.TestCaseExecutor.runScript(TestCaseExecutor.java:448)
	at com.kms.katalon.core.main.TestCaseExecutor.doExecute(TestCaseExecutor.java:439)
	at com.kms.katalon.core.main.TestCaseExecutor.processExecutionPhase(TestCaseExecutor.java:418)
	at com.kms.katalon.core.main.TestCaseExecutor.accessMainPhase(TestCaseExecutor.java:410)
	at com.kms.katalon.core.main.TestCaseExecutor.execute(TestCaseExecutor.java:285)
	at com.kms.katalon.core.common.CommonExecutor.accessTestCaseMainPhase(CommonExecutor.java:65)
	at com.kms.katalon.core.main.TestSuiteExecutor.accessTestSuiteMainPhase(TestSuiteExecutor.java:144)
	at com.kms.katalon.core.main.TestSuiteExecutor.execute(TestSuiteExecutor.java:106)
	at com.kms.katalon.core.main.TestCaseMain.startTestSuite(TestCaseMain.java:185)
	at com.kms.katalon.core.main.TestCaseMain$startTestSuite$0.call(Unknown Source)
	at TempTestSuite1665944662406.run(TempTestSuite1665944662406.groovy:36)
)
[[ATTACHMENT|E:\\Katalon_project\\DemoNew\\Demo-web\\Reports\\20221016_202422\\Mystore\\20221016_202422\\1665944735829.png]]

2022-10-16 20:25:36 - [MESSAGE][FAILED] - Verify element text of test object 'Object Repository/Page_Order - My Store/td_My carrierDelivery next day' FAILED. (Root cause: com.kms.katalon.core.exception.StepFailedException: Verify element text of test object 'Object Repository/Page_Order - My Store/td_My carrierDelivery next day' FAILED.
	at com.kms.katalon.core.webui.keyword.internal.WebUIKeywordMain.stepFailed(WebUIKeywordMain.groovy:64)
	at com.kms.katalon.core.webui.keyword.internal.WebUIKeywordMain.runKeyword(WebUIKeywordMain.groovy:26)
	at com.kms.katalon.core.webui.keyword.builtin.VerifyElementTextKeyword.verifyElementText(VerifyElementTextKeyword.groovy:72)
	at com.kms.katalon.core.webui.keyword.builtin.VerifyElementTextKeyword.execute(VerifyElementTextKeyword.groovy:40)
	at com.kms.katalon.core.keyword.internal.KeywordExecutor.executeKeywordForPlatform(KeywordExecutor.groovy:74)
	at com.kms.katalon.core.webui.keyword.WebUiBuiltInKeywords.verifyElementText(WebUiBuiltInKeywords.groovy:4749)
	at com.kms.katalon.core.webui.keyword.WebUiBuiltInKeywords$verifyElementText$5.call(Unknown Source)
	at Ordine.run(Ordine:53)
	at com.kms.katalon.core.main.ScriptEngine.run(ScriptEngine.java:194)
	at com.kms.katalon.core.main.ScriptEngine.runScriptAsRawText(ScriptEngine.java:119)
	at com.kms.katalon.core.main.TestCaseExecutor.runScript(TestCaseExecutor.java:448)
	at com.kms.katalon.core.main.TestCaseExecutor.doExecute(TestCaseExecutor.java:439)
	at com.kms.katalon.core.main.TestCaseExecutor.processExecutionPhase(TestCaseExecutor.java:418)
	at com.kms.katalon.core.main.TestCaseExecutor.accessMainPhase(TestCaseExecutor.java:410)
	at com.kms.katalon.core.main.TestCaseExecutor.execute(TestCaseExecutor.java:285)
	at com.kms.katalon.core.common.CommonExecutor.accessTestCaseMainPhase(CommonExecutor.java:65)
	at com.kms.katalon.core.main.TestSuiteExecutor.accessTestSuiteMainPhase(TestSuiteExecutor.java:144)
	at com.kms.katalon.core.main.TestSuiteExecutor.execute(TestSuiteExecutor.java:106)
	at com.kms.katalon.core.main.TestCaseMain.startTestSuite(TestCaseMain.java:185)
	at com.kms.katalon.core.main.TestCaseMain$startTestSuite$0.call(Unknown Source)
	at TempTestSuite1665944662406.run(TempTestSuite1665944662406.groovy:36)
Caused by: com.kms.katalon.core.exception.StepFailedException: Actual text 'My carrier Delivery next day!' and expected text 'My carrier
																																											Delivery next day!' of test object 'Object Repository/Page_Order - My Store/td_My carrierDelivery next day' are NOT matched.
	at com.kms.katalon.core.webui.keyword.internal.WebUIKeywordMain.stepFailed(WebUIKeywordMain.groovy:64)
	at com.kms.katalon.core.webui.keyword.builtin.VerifyElementTextKeyword$_verifyElementText_closure1.doCall(VerifyElementTextKeyword.groovy:57)
	at com.kms.katalon.core.webui.keyword.builtin.VerifyElementTextKeyword$_verifyElementText_closure1.call(VerifyElementTextKeyword.groovy)
	at com.kms.katalon.core.webui.keyword.internal.WebUIKeywordMain.runKeyword(WebUIKeywordMain.groovy:20)
	... 19 more
)
[[ATTACHMENT|E:\\Katalon_project\\DemoNew\\Demo-web\\Reports\\20221016_202422\\Mystore\\20221016_202422\\1665944736247.png]]]]></system-out>
         <system-err><![CDATA[2022-10-16 20:24:50 - [TEST_CASE][FAILED] - Test Cases/Ordine: Test Cases/Ordine FAILED.
Reason:
com.kms.katalon.core.exception.StepFailedException: Verify element text of test object 'Object Repository/Page_Order - My Store/td_My carrierDelivery next day' FAILED.
	at com.kms.katalon.core.webui.keyword.internal.WebUIKeywordMain.stepFailed(WebUIKeywordMain.groovy:64)
	at com.kms.katalon.core.webui.keyword.internal.WebUIKeywordMain.runKeyword(WebUIKeywordMain.groovy:26)
	at com.kms.katalon.core.webui.keyword.builtin.VerifyElementTextKeyword.verifyElementText(VerifyElementTextKeyword.groovy:72)
	at com.kms.katalon.core.webui.keyword.builtin.VerifyElementTextKeyword.execute(VerifyElementTextKeyword.groovy:40)
	at com.kms.katalon.core.keyword.internal.KeywordExecutor.executeKeywordForPlatform(KeywordExecutor.groovy:74)
	at com.kms.katalon.core.webui.keyword.WebUiBuiltInKeywords.verifyElementText(WebUiBuiltInKeywords.groovy:4749)
	at com.kms.katalon.core.webui.keyword.WebUiBuiltInKeywords$verifyElementText$5.call(Unknown Source)
	at Ordine.run(Ordine:53)
	at com.kms.katalon.core.main.ScriptEngine.run(ScriptEngine.java:194)
	at com.kms.katalon.core.main.ScriptEngine.runScriptAsRawText(ScriptEngine.java:119)
	at com.kms.katalon.core.main.TestCaseExecutor.runScript(TestCaseExecutor.java:448)
	at com.kms.katalon.core.main.TestCaseExecutor.doExecute(TestCaseExecutor.java:439)
	at com.kms.katalon.core.main.TestCaseExecutor.processExecutionPhase(TestCaseExecutor.java:418)
	at com.kms.katalon.core.main.TestCaseExecutor.accessMainPhase(TestCaseExecutor.java:410)
	at com.kms.katalon.core.main.TestCaseExecutor.execute(TestCaseExecutor.java:285)
	at com.kms.katalon.core.common.CommonExecutor.accessTestCaseMainPhase(CommonExecutor.java:65)
	at com.kms.katalon.core.main.TestSuiteExecutor.accessTestSuiteMainPhase(TestSuiteExecutor.java:144)
	at com.kms.katalon.core.main.TestSuiteExecutor.execute(TestSuiteExecutor.java:106)
	at com.kms.katalon.core.main.TestCaseMain.startTestSuite(TestCaseMain.java:185)
	at com.kms.katalon.core.main.TestCaseMain$startTestSuite$0.call(Unknown Source)
	at TempTestSuite1665944662406.run(TempTestSuite1665944662406.groovy:36)
Caused by: com.kms.katalon.core.exception.StepFailedException: Actual text 'My carrier Delivery next day!' and expected text 'My carrier
																																											Delivery next day!' of test object 'Object Repository/Page_Order - My Store/td_My carrierDelivery next day' are NOT matched.
	at com.kms.katalon.core.webui.keyword.internal.WebUIKeywordMain.stepFailed(WebUIKeywordMain.groovy:64)
	at com.kms.katalon.core.webui.keyword.builtin.VerifyElementTextKeyword$_verifyElementText_closure1.doCall(VerifyElementTextKeyword.groovy:57)
	at com.kms.katalon.core.webui.keyword.builtin.VerifyElementTextKeyword$_verifyElementText_closure1.call(VerifyElementTextKeyword.groovy)
	at com.kms.katalon.core.webui.keyword.internal.WebUIKeywordMain.runKeyword(WebUIKeywordMain.groovy:20)
	... 19 more]]></system-err>
      </testcase>
      <testcase name="Test Cases/LogOut" time="15.175" classname="Test Cases/LogOut" status="PASSED">
         <system-out><![CDATA[2022-10-16 20:25:36 - [TEST_CASE][PASSED] - Test Cases/LogOut: Test Cases/LogOut

2022-10-16 20:25:36 - [TEST_STEP][PASSED] - click(findTestObject("Object Repository/Page_My account - My Store/a_Sign out")): Object: 'Object Repository/Page_My account - My Store/a_Sign out' is clicked on

2022-10-16 20:25:50 - [MESSAGE][PASSED] - Object: 'Object Repository/Page_My account - My Store/a_Sign out' is clicked on

2022-10-16 20:25:50 - [TEST_STEP][PASSED] - verifyElementPresent(findTestObject("Object Repository/Page_Login - My Store/a_Sign in"), 0): Object 'Object Repository/Page_Login - My Store/a_Sign in' is present

2022-10-16 20:25:50 - [MESSAGE][WARNING] - Timeout '0' is invalid. Using default page load timeout: '30'

2022-10-16 20:25:50 - [MESSAGE][PASSED] - Object 'Object Repository/Page_Login - My Store/a_Sign in' is present

2022-10-16 20:25:50 - [TEST_STEP][PASSED] - closeBrowser(): Browser is closed

2022-10-16 20:25:51 - [MESSAGE][PASSED] - Browser is closed]]></system-out>
         <system-err><![CDATA[]]></system-err>
      </testcase>
      <system-out><![CDATA[2022-10-16 20:24:28 - [TEST_SUITE][FAILED] - Mystore: Test Cases/Ordine FAILED.
Reason:
com.kms.katalon.core.exception.StepFailedException: Verify element text of test object 'Object Repository/Page_Order - My Store/td_My carrierDelivery next day' FAILED.
	at com.kms.katalon.core.webui.keyword.internal.WebUIKeywordMain.stepFailed(WebUIKeywordMain.groovy:64)
	at com.kms.katalon.core.webui.keyword.internal.WebUIKeywordMain.runKeyword(WebUIKeywordMain.groovy:26)
	at com.kms.katalon.core.webui.keyword.builtin.VerifyElementTextKeyword.verifyElementText(VerifyElementTextKeyword.groovy:72)
	at com.kms.katalon.core.webui.keyword.builtin.VerifyElementTextKeyword.execute(VerifyElementTextKeyword.groovy:40)
	at com.kms.katalon.core.keyword.internal.KeywordExecutor.executeKeywordForPlatform(KeywordExecutor.groovy:74)
	at com.kms.katalon.core.webui.keyword.WebUiBuiltInKeywords.verifyElementText(WebUiBuiltInKeywords.groovy:4749)
	at com.kms.katalon.core.webui.keyword.WebUiBuiltInKeywords$verifyElementText$5.call(Unknown Source)
	at Ordine.run(Ordine:53)
	at com.kms.katalon.core.main.ScriptEngine.run(ScriptEngine.java:194)
	at com.kms.katalon.core.main.ScriptEngine.runScriptAsRawText(ScriptEngine.java:119)
	at com.kms.katalon.core.main.TestCaseExecutor.runScript(TestCaseExecutor.java:448)
	at com.kms.katalon.core.main.TestCaseExecutor.doExecute(TestCaseExecutor.java:439)
	at com.kms.katalon.core.main.TestCaseExecutor.processExecutionPhase(TestCaseExecutor.java:418)
	at com.kms.katalon.core.main.TestCaseExecutor.accessMainPhase(TestCaseExecutor.java:410)
	at com.kms.katalon.core.main.TestCaseExecutor.execute(TestCaseExecutor.java:285)
	at com.kms.katalon.core.common.CommonExecutor.accessTestCaseMainPhase(CommonExecutor.java:65)
	at com.kms.katalon.core.main.TestSuiteExecutor.accessTestSuiteMainPhase(TestSuiteExecutor.java:144)
	at com.kms.katalon.core.main.TestSuiteExecutor.execute(TestSuiteExecutor.java:106)
	at com.kms.katalon.core.main.TestCaseMain.startTestSuite(TestCaseMain.java:185)
	at com.kms.katalon.core.main.TestCaseMain$startTestSuite$0.call(Unknown Source)
	at TempTestSuite1665944662406.run(TempTestSuite1665944662406.groovy:36)
Caused by: com.kms.katalon.core.exception.StepFailedException: Actual text 'My carrier Delivery next day!' and expected text 'My carrier
																																											Delivery next day!' of test object 'Object Repository/Page_Order - My Store/td_My carrierDelivery next day' are NOT matched.
	at com.kms.katalon.core.webui.keyword.internal.WebUIKeywordMain.stepFailed(WebUIKeywordMain.groovy:64)
	at com.kms.katalon.core.webui.keyword.builtin.VerifyElementTextKeyword$_verifyElementText_closure1.doCall(VerifyElementTextKeyword.groovy:57)
	at com.kms.katalon.core.webui.keyword.builtin.VerifyElementTextKeyword$_verifyElementText_closure1.call(VerifyElementTextKeyword.groovy)
	at com.kms.katalon.core.webui.keyword.internal.WebUIKeywordMain.runKeyword(WebUIKeywordMain.groovy:20)
	... 19 more]]></system-out>
      <system-err><![CDATA[2022-10-16 20:24:28 - [TEST_SUITE][FAILED] - Mystore: Test Cases/Ordine FAILED.
Reason:
com.kms.katalon.core.exception.StepFailedException: Verify element text of test object 'Object Repository/Page_Order - My Store/td_My carrierDelivery next day' FAILED.
	at com.kms.katalon.core.webui.keyword.internal.WebUIKeywordMain.stepFailed(WebUIKeywordMain.groovy:64)
	at com.kms.katalon.core.webui.keyword.internal.WebUIKeywordMain.runKeyword(WebUIKeywordMain.groovy:26)
	at com.kms.katalon.core.webui.keyword.builtin.VerifyElementTextKeyword.verifyElementText(VerifyElementTextKeyword.groovy:72)
	at com.kms.katalon.core.webui.keyword.builtin.VerifyElementTextKeyword.execute(VerifyElementTextKeyword.groovy:40)
	at com.kms.katalon.core.keyword.internal.KeywordExecutor.executeKeywordForPlatform(KeywordExecutor.groovy:74)
	at com.kms.katalon.core.webui.keyword.WebUiBuiltInKeywords.verifyElementText(WebUiBuiltInKeywords.groovy:4749)
	at com.kms.katalon.core.webui.keyword.WebUiBuiltInKeywords$verifyElementText$5.call(Unknown Source)
	at Ordine.run(Ordine:53)
	at com.kms.katalon.core.main.ScriptEngine.run(ScriptEngine.java:194)
	at com.kms.katalon.core.main.ScriptEngine.runScriptAsRawText(ScriptEngine.java:119)
	at com.kms.katalon.core.main.TestCaseExecutor.runScript(TestCaseExecutor.java:448)
	at com.kms.katalon.core.main.TestCaseExecutor.doExecute(TestCaseExecutor.java:439)
	at com.kms.katalon.core.main.TestCaseExecutor.processExecutionPhase(TestCaseExecutor.java:418)
	at com.kms.katalon.core.main.TestCaseExecutor.accessMainPhase(TestCaseExecutor.java:410)
	at com.kms.katalon.core.main.TestCaseExecutor.execute(TestCaseExecutor.java:285)
	at com.kms.katalon.core.common.CommonExecutor.accessTestCaseMainPhase(CommonExecutor.java:65)
	at com.kms.katalon.core.main.TestSuiteExecutor.accessTestSuiteMainPhase(TestSuiteExecutor.java:144)
	at com.kms.katalon.core.main.TestSuiteExecutor.execute(TestSuiteExecutor.java:106)
	at com.kms.katalon.core.main.TestCaseMain.startTestSuite(TestCaseMain.java:185)
	at com.kms.katalon.core.main.TestCaseMain$startTestSuite$0.call(Unknown Source)
	at TempTestSuite1665944662406.run(TempTestSuite1665944662406.groovy:36)
Caused by: com.kms.katalon.core.exception.StepFailedException: Actual text 'My carrier Delivery next day!' and expected text 'My carrier
																																											Delivery next day!' of test object 'Object Repository/Page_Order - My Store/td_My carrierDelivery next day' are NOT matched.
	at com.kms.katalon.core.webui.keyword.internal.WebUIKeywordMain.stepFailed(WebUIKeywordMain.groovy:64)
	at com.kms.katalon.core.webui.keyword.builtin.VerifyElementTextKeyword$_verifyElementText_closure1.doCall(VerifyElementTextKeyword.groovy:57)
	at com.kms.katalon.core.webui.keyword.builtin.VerifyElementTextKeyword$_verifyElementText_closure1.call(VerifyElementTextKeyword.groovy)
	at com.kms.katalon.core.webui.keyword.internal.WebUIKeywordMain.runKeyword(WebUIKeywordMain.groovy:20)
	... 19 more]]></system-err>
   </testsuite>
</testsuites>
